<?xml version="1.0" encoding="UTF-8"?>
<!-- Generated by org.testng.reporters.JUnitReportReporter -->
<testsuite hostname="Navi" name="example.NewTest" tests="1" failures="0" timestamp="22 Sep 2015 07:14:26 GMT" time="2.054" errors="0">
  <testcase name="testEasy" time="2.054" classname="example.NewTest"/>
</testsuite> <!-- example.NewTest -->
